2026-07-18 16:18:22,757 - INFO - ===== MemoryScheduler 单次执行 =====
2026-07-18 16:18:22,758 - ERROR - 全量备份失败: index idx_market_code_date already exists
2026-07-18 16:18:22,759 - ERROR - 统计报告失败: index idx_market_code_date already exists
2026-07-18 16:18:22,759 - INFO - ===== 单次执行完成 =====
2026-07-18 16:18:37,535 - INFO - ===== MemoryScheduler 单次执行 =====
2026-07-18 16:18:37,598 - INFO - 全量CSV备份完成
2026-07-18 16:18:37,601 - INFO -   memory_market: 0 条
2026-07-18 16:18:37,602 - INFO -   memory_trade_pnl: 0 条
2026-07-18 16:18:37,604 - INFO -   memory_failure_signal: 0 条
2026-07-18 16:18:37,605 - INFO -   memory_black_swan: 0 条
2026-07-18 16:18:37,607 - INFO - ===== 单次执行完成 =====
2026-07-18 17:02:14,812-WARNING-因子模型未找到或加载失败，仅执行记忆库操作: Could not open base_model.txt
2026-07-18 23:09:38,404-INFO-因子模型加载成功: base_model.txt
2026-07-18 23:09:40,775-WARNING-时序趋势模型未找到或加载失败: [Errno 2] No such file or directory: 'trend_model.pth'
2026-07-19 02:08:35,457-INFO-因子模型加载成功: base_model.txt
2026-07-19 02:08:37,863-WARNING-时序趋势模型未找到或加载失败: [Errno 2] No such file or directory: 'trend_model.pth'
2026-07-19 02:08:39,459-WARNING-PPO交易智能体未找到或加载失败: [Errno 2] No such file or directory: 'ppo_trade_agent.pth'
2026-07-19 02:08:39,459-INFO-定时调度初始化完成: 18:30因子 / 18:40时序 / 周日20:00清理 / 周日21:00RL训练
2026-07-19 02:15:56,739-INFO-因子模型加载成功: base_model.txt
2026-07-19 02:15:59,137-WARNING-时序趋势模型未找到或加载失败: [Errno 2] No such file or directory: 'trend_model.pth'
2026-07-19 02:15:59,144-INFO-每日复盘模块加载成功
2026-07-19 02:16:00,735-WARNING-PPO交易智能体未找到或加载失败: [Errno 2] No such file or directory: 'ppo_trade_agent.pth'
2026-07-19 02:16:00,735-INFO-定时调度初始化完成: 18:30因子 / 18:40时序 / 19:00复盘 / 周日20:00清理 / 21:00RL训练
2026-07-19 02:16:48,147-INFO-因子模型加载成功: base_model.txt
2026-07-19 02:16:50,520-WARNING-时序趋势模型未找到或加载失败: [Errno 2] No such file or directory: 'trend_model.pth'
2026-07-19 02:16:50,521-INFO-每日复盘模块加载成功
2026-07-19 02:16:52,108-WARNING-PPO交易智能体未找到或加载失败: [Errno 2] No such file or directory: 'ppo_trade_agent.pth'
2026-07-19 02:16:52,109-INFO-定时调度初始化完成: 18:30因子 / 18:40时序 / 19:00复盘 / 周日20:00清理 / 21:00RL训练
2026-07-19 02:17:35,713-INFO-因子模型加载成功: base_model.txt
2026-07-19 02:17:37,993-WARNING-时序趋势模型未找到或加载失败: [Errno 2] No such file or directory: 'trend_model.pth'
2026-07-19 02:17:37,995-INFO-每日复盘模块加载成功
2026-07-19 02:17:39,650-WARNING-PPO交易智能体未找到或加载失败: [Errno 2] No such file or directory: 'ppo_trade_agent.pth'
2026-07-19 02:17:39,651-INFO-定时调度已更新: 18:30因子时序 / 17:30复盘 / 周日20:00清理 / 21:00沙盒 / 09:00灰度校验
2026-07-19 02:18:38,647-INFO-因子模型加载成功: base_model.txt
2026-07-19 02:18:40,952-WARNING-时序趋势模型未找到或加载失败: [Errno 2] No such file or directory: 'trend_model.pth'
2026-07-19 02:18:40,957-INFO-每日复盘模块加载成功
2026-07-19 02:18:42,637-WARNING-PPO交易智能体未找到或加载失败: [Errno 2] No such file or directory: 'ppo_trade_agent.pth'
2026-07-19 02:19:03,875-INFO-因子模型加载成功: base_model.txt
2026-07-19 02:19:06,263-WARNING-时序趋势模型未找到或加载失败: [Errno 2] No such file or directory: 'trend_model.pth'
2026-07-19 02:19:06,265-INFO-每日复盘模块加载成功
2026-07-19 02:19:07,809-WARNING-PPO交易智能体未找到或加载失败: [Errno 2] No such file or directory: 'ppo_trade_agent.pth'
2026-07-19 02:19:07,810-INFO-定时调度已更新: 18:30因子时序 / 17:30复盘 / 周日20:00清理 / 21:00沙盒 / 09:00灰度校验
2026-07-19 02:21:17,321-INFO-因子模型加载成功: base_model.txt
2026-07-19 02:21:19,624-WARNING-时序趋势模型未找到或加载失败: [Errno 2] No such file or directory: 'trend_model.pth'
2026-07-19 02:21:19,626-INFO-每日复盘模块加载成功
2026-07-19 02:21:21,177-WARNING-PPO交易智能体未找到或加载失败: [Errno 2] No such file or directory: 'ppo_trade_agent.pth'
2026-07-19 02:21:21,178-INFO-定时调度已更新: 18:30因子时序 / 17:30复盘 / 周日20:00清理 / 21:00沙盒 / 09:00灰度校验
2026-07-19 02:23:05,248-INFO-因子模型加载成功: base_model.txt
2026-07-19 02:23:07,608-WARNING-时序趋势模型未找到或加载失败: [Errno 2] No such file or directory: 'trend_model.pth'
2026-07-19 02:23:07,609-INFO-每日复盘模块加载成功
2026-07-19 02:23:09,299-WARNING-PPO交易智能体未找到或加载失败: [Errno 2] No such file or directory: 'ppo_trade_agent.pth'
2026-07-19 02:23:09,299-INFO-定时调度已更新: 18:30因子时序 / 17:30复盘 / 周日20:00清理 / 21:00沙盒 / 09:00灰度校验
2026-07-19 02:24:04,350-INFO-因子模型加载成功: base_model.txt
2026-07-19 02:24:06,691-WARNING-时序趋势模型未找到或加载失败: [Errno 2] No such file or directory: 'trend_model.pth'
2026-07-19 02:24:06,692-INFO-每日复盘模块加载成功
2026-07-19 02:24:08,290-WARNING-PPO交易智能体未找到或加载失败: [Errno 2] No such file or directory: 'ppo_trade_agent.pth'
2026-07-19 02:24:08,291-INFO-定时调度已更新: 18:30因子时序 / 17:30复盘 / 周日20:00清理 / 21:00沙盒 / 09:00灰度校验
2026-07-19 02:24:51,773-INFO-因子模型加载成功: base_model.txt
2026-07-19 02:24:54,095-WARNING-时序趋势模型未找到或加载失败: [Errno 2] No such file or directory: 'trend_model.pth'
2026-07-19 02:24:54,096-INFO-每日复盘模块加载成功
2026-07-19 02:24:55,770-WARNING-PPO交易智能体未找到或加载失败: [Errno 2] No such file or directory: 'ppo_trade_agent.pth'
2026-07-19 02:24:55,770-INFO-定时调度已更新: 18:30因子/18:40时序/17:30复盘/09:00灰度/周日20:00清理/21:00进化/23:00沙盒
